<?xml version="1.0" encoding="UTF-8"?>
<!-- Generated by org.testng.reporters.JUnitXMLReporter -->
<testsuite hostname="LAPTOP-K171VAOP" ignored="0" name="ExpediaTravelPage" tests="3" failures="0" timestamp="2022-05-10T13:04:16 IST" time="31.87" errors="0">
  <testcase name="TravelpageTitleTests" time="0.506" classname="com.ba.Task.tests.TravelPageTest"/>
  <testcase name="TravlePageTest" time="5.517" classname="com.ba.Task.tests.TravelPageTest"/>
  <testcase name="SelectFirstDate" time="13.941" classname="com.ba.Task.tests.TravelPageTest"/>
</testsuite> <!-- ExpediaTravelPage -->
