<?xml version="1.0" encoding="UTF-8"?>
<!-- Generated by org.testng.reporters.JUnitXMLReporter -->
<testsuite hostname="LAPTOP-K171VAOP" ignored="0" name="ExpediaTravelPage" tests="6" failures="0" timestamp="2022-05-12T10:47:15 IST" time="87.14" errors="0">
  <testcase name="TravelpageTitleTests" time="0.132" classname="com.ba.Task.tests.TravelPageTest"/>
  <testcase name="TravlePageTest" time="4.997" classname="com.ba.Task.tests.TravelPageTest"/>
  <testcase name="SelectFirstDate" time="12.801" classname="com.ba.Task.tests.TravelPageTest"/>
  <testcase name="selectTraveller" time="8.193" classname="com.ba.Task.tests.TravelPageTest"/>
  <testcase name="searchbtn" time="1.576" classname="com.ba.Task.tests.TravelPageTest"/>
  <testcase name="searchClick" time="52.573" classname="com.ba.Task.tests.TravelPageTest"/>
</testsuite> <!-- ExpediaTravelPage -->
