<?xml version="1.0" encoding="UTF-8"?>
<!-- Generated by org.testng.reporters.JUnitXMLReporter -->
<testsuite hostname="LAPTOP-K171VAOP" name="ExpediaTravelPage" tests="6" failures="0" timestamp="13 May 2022 10:02:29 GMT" time="92.763" errors="0">
  <testcase name="TravelpageTitleTests" time="0.417" classname="com.ba.Task.tests.TravelPageTest"/>
  <testcase name="TravlePageTest" time="5.382" classname="com.ba.Task.tests.TravelPageTest"/>
  <testcase name="SelectFirstDate" time="13.81" classname="com.ba.Task.tests.TravelPageTest"/>
  <testcase name="selectTraveller" time="9.271" classname="com.ba.Task.tests.TravelPageTest"/>
  <testcase name="searchbtn" time="1.694" classname="com.ba.Task.tests.TravelPageTest"/>
  <testcase name="searchClick" time="52.762" classname="com.ba.Task.tests.TravelPageTest"/>
</testsuite> <!-- ExpediaTravelPage -->
